<?xml version="1.0" encoding="UTF-8"?>
<!-- Generated by org.testng.reporters.JUnitReportReporter -->
<testsuite hostname="DESKTOP-077G3EM" failures="0" tests="1" name="com.RingPay.TestScripts.RingPayTestScripts" time="115.282" errors="0" timestamp="2022-11-03T16:44:39 IST" skipped="0">
  <testcase classname="com.RingPay.TestScripts.RingPayTestScripts" name="userPaymentFlow" time="115.282"/>
  <system-out/>
</testsuite> <!-- com.RingPay.TestScripts.RingPayTestScripts -->
